<?xml version="1.0" encoding="UTF-8"?>
<!-- Generated by org.testng.reporters.JUnitReportReporter -->
<testsuite hostname="LAPTOP-QU8UTCO4" failures="0" tests="2" name="restAssuredpackage.Demo_post" time="7.075" errors="0" timestamp="2021-04-27T17:57:55 EDT" skipped="0">
  <testcase classname="restAssuredpackage.Demo_post" name="test_patch" time="4.072"/>
  <system-out/>
  <testcase classname="restAssuredpackage.Demo_post" name="test_post" time="3.003"/>
  <system-out/>
</testsuite> <!-- restAssuredpackage.Demo_post -->
