<?xml version="1.0" encoding="UTF-8"?>
<!-- Generated by org.testng.reporters.JUnitReportReporter -->
<testsuite hostname="LAPTOP-QU8UTCO4" failures="0" tests="2" name="restAssuredpackage.RA_test1" time="5.980" errors="0" timestamp="2021-04-27T15:15:44 EDT" skipped="0">
  <testcase classname="restAssuredpackage.RA_test1" name="test2" time="2.803"/>
  <system-out/>
  <testcase classname="restAssuredpackage.RA_test1" name="test1_get" time="3.177"/>
  <system-out/>
</testsuite> <!-- restAssuredpackage.RA_test1 -->
